<?xml version="1.0" encoding="UTF-8" ?>
<testsuite failures="0" time="0.102" errors="1" skipped="0" tests="1" name="net.harmonytheory.apt.TestProcessorTest">
  <properties>
[...]
</properties>
  <testcase time="0.048" classname="net.harmonytheory.apt.TestProcessorTest" name="test">
    <error message="android/database/sqlite/SQLiteOpenHelper" type="java.lang.NoClassDefFoundError">java.lang.NoClassDefFoundError: android/database/sqlite/SQLiteOpenHelper
	at java.lang.ClassLoader.defineClass1(Native Method)
	at java.lang.ClassLoader.defineClassCond(ClassLoader.java:631)
	at java.lang.ClassLoader.defineClass(ClassLoader.java:615)
	at java.security.SecureClassLoader.defineClass(SecureClassLoader.java:141)
	at java.net.URLClassLoader.defineClass(URLClassLoader.java:283)
	at java.net.URLClassLoader.access$000(URLClassLoader.java:58)
	at java.net.URLClassLoader$1.run(URLClassLoader.java:197)
	at java.security.AccessController.doPrivileged(Native Method)
	at java.net.URLClassLoader.findClass(URLClassLoader.java:190)
	at java.lang.ClassLoader.loadClass(ClassLoader.java:306)
	at sun.misc.Launcher$AppClassLoader.loadClass(Launcher.java:301)
	at java.lang.ClassLoader.loadClass(ClassLoader.java:247)
	at net.harmonytheory.apt.TestProcessorTest.test(TestProcessorTest.java:24)
Caused by: java.lang.ClassNotFoundException: android.database.sqlite.SQLiteOpenHelper
	at java.net.URLClassLoader$1.run(URLClassLoader.java:202)
	at java.security.AccessController.doPrivileged(Native Method)
	at java.net.URLClassLoader.findClass(URLClassLoader.java:190)
	at java.lang.ClassLoader.loadClass(ClassLoader.java:306)
	at sun.misc.Launcher$AppClassLoader.loadClass(Launcher.java:301)
	at java.lang.ClassLoader.loadClass(ClassLoader.java:247)
	... 41 more
</error>
  </testcase>
</testsuite>